DEBUG:root:form=<tr>
    <th><label for="id_itens">Itens:</label></th>
    <td>
      
      <select name="itens" required id="id_itens" multiple>
  <option value="1" selected>Item object (1)</option>

  <option value="6">Item object (6)</option>

</select>
      
      
    </td>
  </tr>

  <tr>
    <th><label for="id_status">Status:</label></th>
    <td>
      <ul class="errorlist"><li>Este campo é obrigatório.</li></ul>
      <input type="text" name="status" maxlength="50" required id="id_status">
      
      
    </td>
  </tr>

  <tr>
    <th><label for="id_preco">Preco:</label></th>
    <td>
      <ul class="errorlist"><li>Este campo é obrigatório.</li></ul>
      <input type="number" name="preco" step="0.01" required id="id_preco">
      
      
    </td>
  </tr>

  <tr>
    <th><label for="id_metodo_pag">Metodo pag:</label></th>
    <td>
      <ul class="errorlist"><li>Este campo é obrigatório.</li></ul>
      <input type="text" name="metodo_pag" maxlength="50" required id="id_metodo_pag">
      
      
        
      
    </td>
  </tr>
